2020-10-29 09:13:15.695 [main] DEBUG main.java.config.LoggerSetup - We've just greeted the user!
2020-10-29 09:13:15.695 [main] INFO  main.java.config.LoggerSetup - We've just greeted the user!
2020-10-29 09:13:15.703 [main] WARN  main.java.config.LoggerSetup - We've just greeted the user!
2020-10-29 09:13:15.703 [main] ERROR main.java.config.LoggerSetup - We've just greeted the user!
2020-10-29 09:13:15.703 [main] FATAL main.java.config.LoggerSetup - We've just greeted the user!
2020-10-29 10:25:48.610 [main] INFO  main.java.config.LoggerSetup - Used driver is chromedriver.exe
2020-10-29 10:25:52.326 [main] INFO  main.java.config.LoggerSetup - Home page navigated
2020-10-29 10:25:52.829 [main] INFO  main.java.config.LoggerSetup - Alerts page clicked
2020-10-29 10:25:52.972 [main] INFO  main.java.config.LoggerSetup - JS Alert clicked
2020-10-29 10:25:53.262 [main] INFO  main.java.config.LoggerSetup - JS Confirm clicked
2020-10-29 10:25:53.470 [main] INFO  main.java.config.LoggerSetup - JS Prompt clicked
2020-10-29 10:25:54.406 [main] INFO  main.java.config.LoggerSetup - Driver is closed!
2020-10-29 10:25:57.807 [main] INFO  main.java.config.LoggerSetup - Used driver is chromedriver.exe
2020-10-29 10:26:01.377 [main] INFO  main.java.config.LoggerSetup - Home page navigated
2020-10-29 10:26:01.906 [main] INFO  main.java.config.LoggerSetup - Hovers page clicked
2020-10-29 10:26:02.377 [main] INFO  main.java.config.LoggerSetup - Received captions are [name: user1
View profile, name: user2
View profile, name: user3
View profile]
2020-10-29 10:26:02.832 [main] INFO  main.java.config.LoggerSetup - Profile clicked
2020-10-29 10:26:05.646 [main] INFO  main.java.config.LoggerSetup - Driver is closed!
2020-10-29 10:26:09.028 [main] INFO  main.java.config.LoggerSetup - Used driver is chromedriver.exe
2020-10-29 10:26:12.760 [main] INFO  main.java.config.LoggerSetup - Home page navigated
2020-10-29 10:26:13.226 [main] INFO  main.java.config.LoggerSetup - Key Presses page clicked
2020-10-29 10:26:13.258 [main] INFO  main.java.config.LoggerSetup - Control key pressed
2020-10-29 10:26:13.355 [main] INFO  main.java.config.LoggerSetup - Enter key pressed
2020-10-29 10:26:13.420 [main] INFO  main.java.config.LoggerSetup - Space key pressed
2020-10-29 10:26:13.482 [main] INFO  main.java.config.LoggerSetup - Tab key pressed
2020-10-29 10:26:14.299 [main] INFO  main.java.config.LoggerSetup - Driver is closed!
2020-10-29 10:26:17.571 [main] INFO  main.java.config.LoggerSetup - Used driver is chromedriver.exe
2020-10-29 10:26:21.256 [main] INFO  main.java.config.LoggerSetup - Home page navigated
2020-10-29 10:26:22.069 [main] INFO  main.java.config.LoggerSetup - Notifications page clicked
2020-10-29 10:26:22.206 [main] INFO  main.java.config.LoggerSetup - Notification close button clicked
2020-10-29 10:26:22.700 [main] INFO  main.java.config.LoggerSetup - Clicked to generate new notification
2020-10-29 10:26:23.538 [main] INFO  main.java.config.LoggerSetup - Driver is closed!
2020-10-29 10:26:26.916 [main] INFO  main.java.config.LoggerSetup - Used driver is chromedriver.exe
2020-10-29 10:26:30.748 [main] INFO  main.java.config.LoggerSetup - Home page navigated
2020-10-29 10:26:31.175 [main] INFO  main.java.config.LoggerSetup - Multiple Windows page clicked
2020-10-29 10:26:31.321 [main] INFO  main.java.config.LoggerSetup - New window clicked
2020-10-29 10:26:31.372 [main] INFO  main.java.config.LoggerSetup - Switched to a new window
2020-10-29 10:26:36.893 [main] INFO  main.java.config.LoggerSetup - Driver is closed!
2020-10-29 10:28:39.898 [main] INFO  main.java.config.BasePage - Used driver is msedgedriver.exe
2020-10-29 10:28:43.537 [main] INFO  main.java.config.BasePage - Home page navigated
2020-10-29 10:28:44.032 [main] INFO  main.java.config.BasePage - Alerts page clicked
2020-10-29 10:28:44.173 [main] INFO  main.java.config.BasePage - JS Alert clicked
2020-10-29 10:28:44.461 [main] INFO  main.java.config.BasePage - JS Confirm clicked
2020-10-29 10:28:44.669 [main] INFO  main.java.config.BasePage - JS Prompt clicked
2020-10-29 10:28:45.614 [main] INFO  main.java.config.BasePage - Driver is closed!
2020-10-29 10:28:48.912 [main] INFO  main.java.config.BasePage - Used driver is msedgedriver.exe
2020-10-29 10:28:52.466 [main] INFO  main.java.config.BasePage - Home page navigated
2020-10-29 10:28:53.000 [main] INFO  main.java.config.BasePage - Hovers page clicked
2020-10-29 10:28:53.610 [main] INFO  main.java.config.BasePage - Received captions are [name: user1
View profile, name: user2
View profile, name: user3
View profile]
2020-10-29 10:28:54.154 [main] INFO  main.java.config.BasePage - Profile clicked
2020-10-29 10:28:56.969 [main] INFO  main.java.config.BasePage - Driver is closed!
2020-10-29 10:29:00.294 [main] INFO  main.java.config.BasePage - Used driver is msedgedriver.exe
2020-10-29 10:29:04.074 [main] INFO  main.java.config.BasePage - Home page navigated
2020-10-29 10:29:04.515 [main] INFO  main.java.config.BasePage - Key Presses page clicked
2020-10-29 10:29:04.543 [main] INFO  main.java.config.BasePage - Control key pressed
2020-10-29 10:29:04.633 [main] INFO  main.java.config.BasePage - Enter key pressed
2020-10-29 10:29:04.712 [main] INFO  main.java.config.BasePage - Space key pressed
2020-10-29 10:29:04.764 [main] INFO  main.java.config.BasePage - Tab key pressed
2020-10-29 10:29:05.628 [main] INFO  main.java.config.BasePage - Driver is closed!
2020-10-29 10:29:09.078 [main] INFO  main.java.config.BasePage - Used driver is msedgedriver.exe
2020-10-29 10:29:12.858 [main] INFO  main.java.config.BasePage - Home page navigated
2020-10-29 10:29:13.348 [main] INFO  main.java.config.BasePage - Alerts page clicked
2020-10-29 10:29:13.467 [main] INFO  main.java.config.BasePage - JS Alert clicked
2020-10-29 10:29:13.699 [main] INFO  main.java.config.BasePage - JS Confirm clicked
2020-10-29 10:29:13.930 [main] INFO  main.java.config.BasePage - JS Prompt clicked
2020-10-29 10:29:14.846 [main] INFO  main.java.config.BasePage - Driver is closed!
2020-10-29 10:29:18.134 [main] INFO  main.java.config.BasePage - Used driver is msedgedriver.exe
2020-10-29 10:29:21.723 [main] INFO  main.java.config.BasePage - Home page navigated
2020-10-29 10:29:22.165 [main] INFO  main.java.config.BasePage - Multiple Windows page clicked
2020-10-29 10:29:22.313 [main] INFO  main.java.config.BasePage - New window clicked
2020-10-29 10:29:22.363 [main] INFO  main.java.config.BasePage - Switched to a new window
2020-10-29 10:29:27.273 [main] INFO  main.java.config.BasePage - Driver is closed!
2020-10-29 10:29:47.125 [main] INFO  main.java.config.BasePage - Used driver is geckodriver.exe
2020-10-29 10:29:49.179 [main] INFO  main.java.config.BasePage - Home page navigated
2020-10-29 10:29:49.886 [main] INFO  main.java.config.BasePage - Alerts page clicked
2020-10-29 10:29:50.033 [main] INFO  main.java.config.BasePage - JS Alert clicked
2020-10-29 10:29:50.229 [main] INFO  main.java.config.BasePage - JS Confirm clicked
2020-10-29 10:29:50.441 [main] INFO  main.java.config.BasePage - JS Prompt clicked
2020-10-29 10:29:51.787 [main] INFO  main.java.config.BasePage - Driver is closed!
2020-10-29 10:29:56.052 [main] INFO  main.java.config.BasePage - Used driver is geckodriver.exe
2020-10-29 10:29:57.870 [main] INFO  main.java.config.BasePage - Home page navigated
2020-10-29 10:29:58.515 [main] INFO  main.java.config.BasePage - Hovers page clicked
2020-10-29 10:29:59.011 [main] INFO  main.java.config.BasePage - Received captions are [name: user1
View profile, name: user2
View profile, name: user3
View profile]
2020-10-29 10:29:59.375 [main] INFO  main.java.config.BasePage - Profile clicked
2020-10-29 10:30:02.427 [main] INFO  main.java.config.BasePage - Driver is closed!
2020-10-29 10:30:06.718 [main] INFO  main.java.config.BasePage - Used driver is geckodriver.exe
2020-10-29 10:30:08.465 [main] INFO  main.java.config.BasePage - Home page navigated
2020-10-29 10:30:09.074 [main] INFO  main.java.config.BasePage - Key Presses page clicked
2020-10-29 10:30:09.100 [main] INFO  main.java.config.BasePage - Control key pressed
2020-10-29 10:30:09.179 [main] INFO  main.java.config.BasePage - Enter key pressed
2020-10-29 10:30:09.243 [main] INFO  main.java.config.BasePage - Space key pressed
2020-10-29 10:30:09.308 [main] INFO  main.java.config.BasePage - Tab key pressed
2020-10-29 10:30:10.400 [main] INFO  main.java.config.BasePage - Driver is closed!
2020-10-29 10:30:14.662 [main] INFO  main.java.config.BasePage - Used driver is geckodriver.exe
2020-10-29 10:30:16.440 [main] INFO  main.java.config.BasePage - Home page navigated
2020-10-29 10:30:17.041 [main] INFO  main.java.config.BasePage - Alerts page clicked
2020-10-29 10:30:17.143 [main] INFO  main.java.config.BasePage - JS Alert clicked
2020-10-29 10:30:17.311 [main] INFO  main.java.config.BasePage - JS Confirm clicked
2020-10-29 10:30:17.479 [main] INFO  main.java.config.BasePage - JS Prompt clicked
2020-10-29 10:30:18.772 [main] INFO  main.java.config.BasePage - Driver is closed!
2020-10-29 10:30:23.032 [main] INFO  main.java.config.BasePage - Used driver is geckodriver.exe
2020-10-29 10:30:24.975 [main] INFO  main.java.config.BasePage - Home page navigated
2020-10-29 10:30:25.557 [main] INFO  main.java.config.BasePage - Multiple Windows page clicked
2020-10-29 10:30:25.675 [main] INFO  main.java.config.BasePage - New window clicked
2020-10-29 10:30:25.744 [main] INFO  main.java.config.BasePage - Switched to a new window
2020-10-29 10:30:29.021 [main] INFO  main.java.config.BasePage - Driver is closed!
2020-10-29 10:34:10.865 [main] INFO  main.java.config.BasePage - Used driver is chromedriver.exe
2020-10-29 10:34:14.477 [main] INFO  main.java.config.BasePage - Home page navigated
2020-10-29 10:34:14.957 [main] INFO  main.java.config.BasePage - Alerts page clicked
2020-10-29 10:34:15.105 [main] INFO  main.java.config.BasePage - JS Alert clicked
2020-10-29 10:34:15.406 [main] INFO  main.java.config.BasePage - JS Confirm clicked
2020-10-29 10:34:15.669 [main] INFO  main.java.config.BasePage - JS Prompt clicked
2020-10-29 10:34:16.684 [main] INFO  main.java.config.BasePage - Driver is closed!
2020-10-29 10:34:19.974 [main] INFO  main.java.config.BasePage - Used driver is chromedriver.exe
2020-10-29 10:34:23.581 [main] INFO  main.java.config.BasePage - Home page navigated
2020-10-29 10:34:24.093 [main] INFO  main.java.config.BasePage - Hovers page clicked
2020-10-29 10:34:24.571 [main] INFO  main.java.config.BasePage - Received captions are [name: user1
View profile, name: user2
View profile, name: user3
View profile]
2020-10-29 10:34:25.006 [main] INFO  main.java.config.BasePage - Profile clicked
2020-10-29 10:34:27.858 [main] INFO  main.java.config.BasePage - Driver is closed!
2020-10-29 10:34:31.134 [main] INFO  main.java.config.BasePage - Used driver is chromedriver.exe
2020-10-29 10:34:34.822 [main] INFO  main.java.config.BasePage - Home page navigated
2020-10-29 10:34:35.248 [main] INFO  main.java.config.BasePage - Key Presses page clicked
2020-10-29 10:34:35.273 [main] INFO  main.java.config.BasePage - Control key pressed
2020-10-29 10:34:35.365 [main] INFO  main.java.config.BasePage - Enter key pressed
2020-10-29 10:34:35.435 [main] INFO  main.java.config.BasePage - Space key pressed
2020-10-29 10:34:35.485 [main] INFO  main.java.config.BasePage - Tab key pressed
2020-10-29 10:34:36.298 [main] INFO  main.java.config.BasePage - Driver is closed!
2020-10-29 10:34:39.674 [main] INFO  main.java.config.BasePage - Used driver is chromedriver.exe
2020-10-29 10:34:43.320 [main] INFO  main.java.config.BasePage - Home page navigated
2020-10-29 10:34:44.100 [main] INFO  main.java.config.BasePage - Notifications page clicked
2020-10-29 10:34:44.225 [main] INFO  main.java.config.BasePage - Notification close button clicked
2020-10-29 10:34:44.694 [main] INFO  main.java.config.BasePage - Clicked to generate new notification
2020-10-29 10:34:45.521 [main] INFO  main.java.config.BasePage - Driver is closed!
2020-10-29 10:34:48.861 [main] INFO  main.java.config.BasePage - Used driver is chromedriver.exe
2020-10-29 10:34:52.501 [main] INFO  main.java.config.BasePage - Home page navigated
2020-10-29 10:34:52.926 [main] INFO  main.java.config.BasePage - Multiple Windows page clicked
2020-10-29 10:34:53.075 [main] INFO  main.java.config.BasePage - New window clicked
2020-10-29 10:34:53.132 [main] INFO  main.java.config.BasePage - Switched to a new window
2020-10-29 10:34:58.109 [main] INFO  main.java.config.BasePage - Driver is closed!
2020-10-29 10:36:58.196 [main] INFO  main.java.config.BasePage - Used driver is chromedriver.exe
2020-10-29 10:37:01.982 [main] INFO  main.java.config.BasePage - Home page navigated
2020-10-29 10:37:02.499 [main] INFO  main.java.config.BasePage - Alerts page clicked
2020-10-29 10:37:02.649 [main] INFO  main.java.config.BasePage - JS Alert clicked
2020-10-29 10:37:02.942 [main] INFO  main.java.config.BasePage - JS Confirm clicked
2020-10-29 10:37:03.182 [main] INFO  main.java.config.BasePage - JS Prompt clicked
2020-10-29 10:37:04.642 [main] INFO  main.java.config.BasePage - Driver is closed!
2020-10-29 10:37:07.865 [main] INFO  main.java.config.BasePage - Used driver is chromedriver.exe
2020-10-29 10:37:11.856 [main] INFO  main.java.config.BasePage - Home page navigated
2020-10-29 10:37:12.352 [main] INFO  main.java.config.BasePage - Hovers page clicked
2020-10-29 10:37:12.992 [main] INFO  main.java.config.BasePage - Received captions are [name: user1
View profile, name: user2
View profile, name: user3
View profile]
2020-10-29 10:37:13.519 [main] INFO  main.java.config.BasePage - Profile clicked
2020-10-29 10:37:16.369 [main] INFO  main.java.config.BasePage - Driver is closed!
2020-10-29 10:37:19.735 [main] INFO  main.java.config.BasePage - Used driver is chromedriver.exe
2020-10-29 10:37:23.274 [main] INFO  main.java.config.BasePage - Home page navigated
2020-10-29 10:37:23.690 [main] INFO  main.java.config.BasePage - Key Presses page clicked
2020-10-29 10:37:23.714 [main] INFO  main.java.config.BasePage - Control key pressed
2020-10-29 10:37:23.800 [main] INFO  main.java.config.BasePage - Enter key pressed
2020-10-29 10:37:23.863 [main] INFO  main.java.config.BasePage - Space key pressed
2020-10-29 10:37:23.920 [main] INFO  main.java.config.BasePage - Tab key pressed
2020-10-29 10:37:24.767 [main] INFO  main.java.config.BasePage - Driver is closed!
2020-10-29 10:37:28.121 [main] INFO  main.java.config.BasePage - Used driver is chromedriver.exe
2020-10-29 10:37:31.749 [main] INFO  main.java.config.BasePage - Home page navigated
2020-10-29 10:37:32.552 [main] INFO  main.java.config.BasePage - Notifications page clicked
2020-10-29 10:37:32.684 [main] INFO  main.java.config.BasePage - Notification close button clicked
2020-10-29 10:37:33.200 [main] INFO  main.java.config.BasePage - Clicked to generate new notification
2020-10-29 10:37:34.026 [main] INFO  main.java.config.BasePage - Driver is closed!
2020-10-29 10:37:37.334 [main] INFO  main.java.config.BasePage - Used driver is chromedriver.exe
2020-10-29 10:37:40.985 [main] INFO  main.java.config.BasePage - Home page navigated
2020-10-29 10:37:41.449 [main] INFO  main.java.config.BasePage - Multiple Windows page clicked
2020-10-29 10:37:41.637 [main] INFO  main.java.config.BasePage - New window clicked
2020-10-29 10:37:41.701 [main] INFO  main.java.config.BasePage - Switched to a new window
2020-10-29 10:37:46.586 [main] INFO  main.java.config.BasePage - Driver is closed!
2020-10-29 10:39:30.900 [main] INFO  BasePage - Used driver is chromedriver.exe
2020-10-29 10:39:34.776 [main] INFO  BasePage - Home page navigated
2020-10-29 10:39:35.487 [main] INFO  BasePage - Alerts page clicked
2020-10-29 10:39:35.684 [main] INFO  BasePage - JS Alert clicked
2020-10-29 10:39:36.093 [main] INFO  BasePage - JS Confirm clicked
2020-10-29 10:39:36.436 [main] INFO  BasePage - JS Prompt clicked
2020-10-29 10:39:37.302 [main] INFO  BasePage - Driver is closed!
2020-10-29 10:39:40.926 [main] INFO  BasePage - Used driver is chromedriver.exe
2020-10-29 10:39:44.988 [main] INFO  BasePage - Home page navigated
2020-10-29 10:39:45.948 [main] INFO  BasePage - Hovers page clicked
2020-10-29 10:39:46.556 [main] INFO  BasePage - Received captions are [name: user1
View profile, name: user2
View profile, name: user3
View profile]
2020-10-29 10:39:47.101 [main] INFO  BasePage - Profile clicked
2020-10-29 10:39:49.852 [main] INFO  BasePage - Driver is closed!
2020-10-29 10:39:53.323 [main] INFO  BasePage - Used driver is chromedriver.exe
2020-10-29 10:39:57.134 [main] INFO  BasePage - Home page navigated
2020-10-29 10:39:57.783 [main] INFO  BasePage - Key Presses page clicked
2020-10-29 10:39:57.853 [main] INFO  BasePage - Control key pressed
2020-10-29 10:39:58.286 [main] INFO  BasePage - Enter key pressed
2020-10-29 10:39:58.745 [main] INFO  BasePage - Space key pressed
2020-10-29 10:39:58.915 [main] INFO  BasePage - Tab key pressed
2020-10-29 10:39:59.990 [main] INFO  BasePage - Driver is closed!
2020-10-29 10:40:03.399 [main] INFO  BasePage - Used driver is chromedriver.exe
2020-10-29 10:40:07.085 [main] INFO  BasePage - Home page navigated
2020-10-29 10:40:07.982 [main] INFO  BasePage - Notifications page clicked
2020-10-29 10:40:08.185 [main] INFO  BasePage - Notification close button clicked
2020-10-29 10:40:08.876 [main] INFO  BasePage - Clicked to generate new notification
2020-10-29 10:40:10.089 [main] INFO  BasePage - Driver is closed!
2020-10-29 10:40:13.466 [main] INFO  BasePage - Used driver is chromedriver.exe
2020-10-29 10:40:17.192 [main] INFO  BasePage - Home page navigated
2020-10-29 10:40:17.649 [main] INFO  BasePage - Multiple Windows page clicked
2020-10-29 10:40:17.818 [main] INFO  BasePage - New window clicked
2020-10-29 10:40:17.886 [main] INFO  BasePage - Switched to a new window
2020-10-29 10:40:22.655 [main] INFO  BasePage - Driver is closed!
2020-10-29 13:41:35.348 [main] INFO  Driver - Used driver is chromedriver.exe
2020-10-29 13:41:39.103 [main] INFO  HomePage - Home page navigated
2020-10-29 13:41:39.624 [main] INFO  HomePage - Alerts page clicked
2020-10-29 13:41:39.784 [main] INFO  JavaScriptAlerts - JS Alert clicked
2020-10-29 13:41:40.119 [main] INFO  JavaScriptAlerts - JS Confirm clicked
2020-10-29 13:41:40.381 [main] INFO  JavaScriptAlerts - JS Prompt clicked
2020-10-29 13:41:41.822 [main] INFO  Driver - Driver is closed!
2020-10-29 13:41:45.086 [main] INFO  Driver - Used driver is chromedriver.exe
2020-10-29 13:41:48.740 [main] INFO  HomePage - Home page navigated
2020-10-29 13:41:49.310 [main] INFO  HomePage - Hovers page clicked
2020-10-29 13:41:49.783 [main] INFO  Hovers - Received captions are [name: user1
View profile, name: user2
View profile, name: user3
View profile]
2020-10-29 13:41:50.225 [main] INFO  Hovers - Profile clicked
2020-10-29 13:41:53.070 [main] INFO  Driver - Driver is closed!
2020-10-29 13:41:56.549 [main] INFO  Driver - Used driver is chromedriver.exe
2020-10-29 13:42:00.198 [main] INFO  HomePage - Home page navigated
2020-10-29 13:42:00.670 [main] INFO  HomePage - Key Presses page clicked
2020-10-29 13:42:00.692 [main] INFO  KeyPresses - Control key pressed
2020-10-29 13:42:00.788 [main] INFO  KeyPresses - Enter key pressed
2020-10-29 13:42:00.858 [main] INFO  KeyPresses - Space key pressed
2020-10-29 13:42:00.911 [main] INFO  KeyPresses - Tab key pressed
2020-10-29 13:42:01.614 [main] INFO  Driver - Driver is closed!
2020-10-29 13:42:05.056 [main] INFO  Driver - Used driver is chromedriver.exe
2020-10-29 13:42:08.808 [main] INFO  HomePage - Home page navigated
2020-10-29 13:42:09.645 [main] INFO  HomePage - Notifications page clicked
2020-10-29 13:42:09.794 [main] INFO  NotificationMessages - Notification close button clicked
2020-10-29 13:42:10.298 [main] INFO  NotificationMessages - Clicked to generate new notification
2020-10-29 13:42:10.964 [main] INFO  Driver - Driver is closed!
2020-10-29 13:42:14.168 [main] INFO  Driver - Used driver is chromedriver.exe
2020-10-29 13:42:17.990 [main] INFO  HomePage - Home page navigated
2020-10-29 13:42:18.451 [main] INFO  HomePage - Multiple Windows page clicked
2020-10-29 13:42:18.618 [main] INFO  MultipleWindows - New window clicked
2020-10-29 13:42:18.692 [main] INFO  MultipleWindows - Switched to a new window
2020-10-29 13:42:23.423 [main] INFO  Driver - Driver is closed!
