2020-10-30 13:50:31.397 [main] INFO  Driver - Used driver is chromedriver.exe
2020-10-30 13:50:36.937 [main] INFO  Driver - Used driver is chromedriver.exe
2020-10-30 13:50:42.370 [main] INFO  Driver - Used driver is chromedriver.exe
2020-10-30 13:50:47.829 [main] INFO  Driver - Used driver is chromedriver.exe
2020-10-30 13:50:53.280 [main] INFO  Driver - Used driver is chromedriver.exe
2020-10-30 14:05:10.175 [main] INFO  Driver - Used driver is chromedriver.exe
2020-10-30 14:05:15.776 [main] INFO  Driver - Used driver is chromedriver.exe
2020-10-30 14:05:21.248 [main] INFO  Driver - Used driver is chromedriver.exe
2020-10-30 14:05:26.650 [main] INFO  Driver - Used driver is chromedriver.exe
2020-10-30 14:05:32.113 [main] INFO  Driver - Used driver is chromedriver.exe
2020-10-30 14:06:32.194 [main] INFO  Driver - Used driver is chromedriver.exe
2020-10-30 14:06:35.899 [main] INFO  HomePage - Home page navigated
2020-10-30 14:06:36.363 [main] INFO  HomePage - Alerts page clicked
2020-10-30 14:06:36.501 [main] INFO  JavaScriptAlerts - JS Alert clicked
2020-10-30 14:06:36.755 [main] INFO  JavaScriptAlerts - JS Confirm clicked
2020-10-30 14:06:37.002 [main] INFO  JavaScriptAlerts - JS Prompt clicked
2020-10-30 14:06:37.940 [main] INFO  Driver - Driver is closed!
2020-10-30 14:06:41.265 [main] INFO  Driver - Used driver is chromedriver.exe
2020-10-30 14:06:44.922 [main] INFO  HomePage - Home page navigated
2020-10-30 14:06:45.406 [main] INFO  HomePage - Hovers page clicked
2020-10-30 14:06:45.989 [main] INFO  Hovers - Received captions are [name: user1
View profile, name: user2
View profile, name: user3
View profile]
2020-10-30 14:06:46.436 [main] INFO  Hovers - Profile clicked
2020-10-30 14:06:49.450 [main] INFO  Driver - Driver is closed!
2020-10-30 14:06:52.704 [main] INFO  Driver - Used driver is chromedriver.exe
2020-10-30 14:06:56.389 [main] INFO  HomePage - Home page navigated
2020-10-30 14:06:56.850 [main] INFO  HomePage - Key Presses page clicked
2020-10-30 14:06:56.875 [main] INFO  KeyPresses - Control key pressed
2020-10-30 14:06:56.979 [main] INFO  KeyPresses - Enter key pressed
2020-10-30 14:06:57.059 [main] INFO  KeyPresses - Space key pressed
2020-10-30 14:06:57.111 [main] INFO  KeyPresses - Tab key pressed
2020-10-30 14:06:58.429 [main] INFO  Driver - Driver is closed!
2020-10-30 14:07:01.743 [main] INFO  Driver - Used driver is chromedriver.exe
2020-10-30 14:07:05.330 [main] INFO  HomePage - Home page navigated
2020-10-30 14:07:06.184 [main] INFO  HomePage - Notifications page clicked
2020-10-30 14:07:06.303 [main] INFO  NotificationMessages - Notification close button clicked
2020-10-30 14:07:06.756 [main] INFO  NotificationMessages - Clicked to generate new notification
2020-10-30 14:07:07.563 [main] INFO  Driver - Driver is closed!
2020-10-30 14:07:10.845 [main] INFO  Driver - Used driver is chromedriver.exe
2020-10-30 14:07:14.647 [main] INFO  HomePage - Home page navigated
2020-10-30 14:07:15.116 [main] INFO  HomePage - Multiple Windows page clicked
2020-10-30 14:07:15.285 [main] INFO  MultipleWindows - New window clicked
2020-10-30 14:07:15.345 [main] INFO  MultipleWindows - Switched to a new window
2020-10-30 14:07:20.309 [main] INFO  Driver - Driver is closed!
2020-10-30 14:22:03.008 [main] INFO  Driver - Used driver is chromedriver.exe
2020-10-30 14:22:07.130 [main] INFO  HomePage - Home page navigated
2020-10-30 14:22:07.597 [main] INFO  HomePage - Alerts page clicked
2020-10-30 14:22:07.741 [main] INFO  JavaScriptAlerts - JS Alert clicked
2020-10-30 14:22:07.987 [main] INFO  JavaScriptAlerts - JS Confirm clicked
2020-10-30 14:22:08.251 [main] INFO  JavaScriptAlerts - JS Prompt clicked
2020-10-30 14:22:09.167 [main] INFO  Driver - Driver is closed!
2020-10-30 14:22:12.446 [main] INFO  Driver - Used driver is chromedriver.exe
2020-10-30 14:22:16.193 [main] INFO  HomePage - Home page navigated
2020-10-30 14:22:16.683 [main] INFO  HomePage - Hovers page clicked
2020-10-30 14:22:17.219 [main] INFO  Hovers - Received captions are [name: user1
View profile, name: user2
View profile, name: user3
View profile]
2020-10-30 14:22:17.649 [main] INFO  Hovers - Profile clicked
2020-10-30 14:22:20.449 [main] INFO  Driver - Driver is closed!
2020-10-30 14:22:23.683 [main] INFO  Driver - Used driver is chromedriver.exe
2020-10-30 14:22:27.275 [main] INFO  HomePage - Home page navigated
2020-10-30 14:22:27.730 [main] INFO  HomePage - Key Presses page clicked
2020-10-30 14:22:27.754 [main] INFO  KeyPresses - Control key pressed
2020-10-30 14:22:27.852 [main] INFO  KeyPresses - Enter key pressed
2020-10-30 14:22:27.932 [main] INFO  KeyPresses - Space key pressed
2020-10-30 14:22:27.987 [main] INFO  KeyPresses - Tab key pressed
2020-10-30 14:22:28.843 [main] INFO  Driver - Driver is closed!
2020-10-30 14:22:32.168 [main] INFO  Driver - Used driver is chromedriver.exe
2020-10-30 14:22:35.749 [main] INFO  HomePage - Home page navigated
2020-10-30 14:22:36.516 [main] INFO  HomePage - Notifications page clicked
2020-10-30 14:22:36.654 [main] INFO  NotificationMessages - Notification close button clicked
2020-10-30 14:22:37.129 [main] INFO  NotificationMessages - Clicked to generate new notification
2020-10-30 14:22:37.975 [main] INFO  Driver - Driver is closed!
2020-10-30 14:22:41.209 [main] INFO  Driver - Used driver is chromedriver.exe
2020-10-30 14:22:45.197 [main] INFO  HomePage - Home page navigated
2020-10-30 14:22:45.640 [main] INFO  HomePage - Multiple Windows page clicked
2020-10-30 14:22:45.808 [main] INFO  MultipleWindows - New window clicked
2020-10-30 14:22:45.881 [main] INFO  MultipleWindows - Switched to a new window
2020-10-30 14:22:50.747 [main] INFO  Driver - Driver is closed!
2020-10-30 14:33:30.131 [main] INFO  Driver - Used driver is chromedriver.exe
2020-10-30 14:33:34.105 [main] INFO  HomePage - Home page navigated
2020-10-30 14:33:36.120 [main] INFO  BaseTest - Successfully navigated to home page
2020-10-30 14:33:36.715 [main] INFO  HomePage - Alerts page clicked
2020-10-30 14:33:38.743 [main] INFO  BaseTest - Successfully navigated to alerts page
2020-10-30 14:33:38.897 [main] INFO  JavaScriptAlerts - JS Alert clicked
2020-10-30 14:33:39.175 [main] INFO  JavaScriptAlerts - JS Confirm clicked
2020-10-30 14:33:39.385 [main] INFO  JavaScriptAlerts - JS Prompt clicked
2020-10-30 14:33:40.355 [main] INFO  Driver - Driver is closed!
2020-10-30 14:33:43.630 [main] INFO  Driver - Used driver is chromedriver.exe
2020-10-30 14:33:48.020 [main] INFO  HomePage - Home page navigated
2020-10-30 14:33:50.030 [main] INFO  BaseTest - Successfully navigated to home page
2020-10-30 14:33:50.471 [main] INFO  HomePage - Hovers page clicked
2020-10-30 14:33:52.477 [main] INFO  BaseTest - Successfully navigated to hovers page
2020-10-30 14:33:52.931 [main] INFO  Hovers - Received captions are [name: user1
View profile, name: user2
View profile, name: user3
View profile]
2020-10-30 14:33:53.375 [main] INFO  Hovers - Profile clicked
2020-10-30 14:33:56.215 [main] INFO  Driver - Driver is closed!
2020-10-30 14:33:59.664 [main] INFO  Driver - Used driver is chromedriver.exe
2020-10-30 14:34:03.348 [main] INFO  HomePage - Home page navigated
2020-10-30 14:34:05.377 [main] INFO  BaseTest - Successfully navigated to home page
2020-10-30 14:34:05.814 [main] INFO  HomePage - Key Presses page clicked
2020-10-30 14:34:07.823 [main] INFO  BaseTest - Successfully navigated to key press page
2020-10-30 14:34:07.837 [main] INFO  KeyPresses - Control key pressed
2020-10-30 14:34:07.918 [main] INFO  KeyPresses - Enter key pressed
2020-10-30 14:34:07.972 [main] INFO  KeyPresses - Space key pressed
2020-10-30 14:34:08.024 [main] INFO  KeyPresses - Tab key pressed
2020-10-30 14:34:08.852 [main] INFO  Driver - Driver is closed!
2020-10-30 14:34:12.108 [main] INFO  Driver - Used driver is chromedriver.exe
2020-10-30 14:34:15.867 [main] INFO  HomePage - Home page navigated
2020-10-30 14:34:17.875 [main] INFO  BaseTest - Successfully navigated to home page
2020-10-30 14:34:18.597 [main] INFO  HomePage - Notifications page clicked
2020-10-30 14:34:20.605 [main] INFO  BaseTest - Successfully navigated to notifications page
2020-10-30 14:34:20.726 [main] INFO  NotificationMessages - Notification close button clicked
2020-10-30 14:34:21.259 [main] INFO  NotificationMessages - Clicked to generate new notification
2020-10-30 14:34:22.284 [main] INFO  Driver - Driver is closed!
2020-10-30 14:34:25.514 [main] INFO  Driver - Used driver is chromedriver.exe
2020-10-30 14:34:29.328 [main] INFO  HomePage - Home page navigated
2020-10-30 14:34:31.345 [main] INFO  BaseTest - Successfully navigated to home page
2020-10-30 14:34:31.774 [main] INFO  HomePage - Multiple Windows page clicked
2020-10-30 14:34:33.781 [main] INFO  BaseTest - Successfully navigated to windows page
2020-10-30 14:34:33.921 [main] INFO  MultipleWindows - New window clicked
2020-10-30 14:34:33.980 [main] INFO  MultipleWindows - Switched to a new window
2020-10-30 14:34:38.884 [main] INFO  Driver - Driver is closed!
